<?xml version="1.0" encoding="UTF-8"?>
<coverage generated="1679693701073" clover="3.2.0">
  <project timestamp="1679693701074" name="All files">
    <metrics statements="221" coveredstatements="127" conditionals="67" coveredconditionals="37" methods="45" coveredmethods="24" elements="333" coveredelements="188" complexity="0" loc="221" ncloc="221" packages="5" files="14" classes="14"/>
    <package name="src">
      <metrics statements="29" coveredstatements="23" conditionals="16" coveredconditionals="4" methods="7" coveredmethods="4"/>
      <file name="app.ts" path="/home/diogobotelho/projects/busk-app/backend/src/app.ts">
        <metrics statements="16" coveredstatements="11" conditionals="4" coveredconditionals="0" methods="2" coveredmethods="0"/>
        <line num="16" count="1" type="stmt"/>
        <line num="18" count="1" type="stmt"/>
        <line num="21" count="1" type="stmt"/>
        <line num="22" count="1" type="stmt"/>
        <line num="23" count="1" type="stmt"/>
        <line num="26" count="1" type="stmt"/>
        <line num="27" count="1" type="stmt"/>
        <line num="28" count="1" type="stmt"/>
        <line num="29" count="1" type="stmt"/>
        <line num="32" count="1" type="stmt"/>
        <line num="33" count="0" type="stmt"/>
        <line num="37" count="1" type="stmt"/>
        <line num="43" count="0" type="cond" truecount="0" falsecount="2"/>
        <line num="44" count="0" type="stmt"/>
        <line num="45" count="0" type="cond" truecount="0" falsecount="2"/>
        <line num="46" count="0" type="stmt"/>
      </file>
      <file name="config.ts" path="/home/diogobotelho/projects/busk-app/backend/src/config.ts">
        <metrics statements="4" coveredstatements="4" conditionals="8" coveredconditionals="4" methods="0" coveredmethods="0"/>
        <line num="1" count="3" type="cond" truecount="2" falsecount="0"/>
        <line num="4" count="3" type="cond" truecount="1" falsecount="1"/>
        <line num="11" count="3" type="stmt"/>
        <line num="13" count="3" type="cond" truecount="1" falsecount="1"/>
      </file>
      <file name="db.ts" path="/home/diogobotelho/projects/busk-app/backend/src/db.ts">
        <metrics statements="2" coveredstatements="2" conditionals="0" coveredconditionals="0" methods="0" coveredmethods="0"/>
        <line num="5" count="3" type="stmt"/>
        <line num="9" count="3" type="stmt"/>
      </file>
      <file name="expressError.ts" path="/home/diogobotelho/projects/busk-app/backend/src/expressError.ts">
        <metrics statements="7" coveredstatements="6" conditionals="4" coveredconditionals="0" methods="5" coveredmethods="4"/>
        <line num="12" count="14" type="stmt"/>
        <line num="13" count="14" type="stmt"/>
        <line num="14" count="14" type="stmt"/>
        <line num="22" count="6" type="stmt"/>
        <line num="30" count="2" type="stmt"/>
        <line num="38" count="6" type="stmt"/>
        <line num="46" count="0" type="stmt"/>
      </file>
    </package>
    <package name="src.helpers">
      <metrics statements="8" coveredstatements="5" conditionals="4" coveredconditionals="3" methods="3" coveredmethods="2"/>
      <file name="sql.ts" path="/home/diogobotelho/projects/busk-app/backend/src/helpers/sql.ts">
        <metrics statements="5" coveredstatements="5" conditionals="4" coveredconditionals="3" methods="2" coveredmethods="2"/>
        <line num="41" count="11" type="stmt"/>
        <line num="42" count="11" type="cond" truecount="1" falsecount="1"/>
        <line num="45" count="11" type="stmt"/>
        <line num="46" count="26" type="cond" truecount="2" falsecount="0"/>
        <line num="49" count="11" type="stmt"/>
      </file>
      <file name="tokens.ts" path="/home/diogobotelho/projects/busk-app/backend/src/helpers/tokens.ts">
        <metrics statements="3" coveredstatements="0" conditionals="0" coveredconditionals="0" methods="1" coveredmethods="0"/>
        <line num="7" count="0" type="stmt"/>
        <line num="12" count="0" type="stmt"/>
        <line num="16" count="0" type="stmt"/>
      </file>
    </package>
    <package name="src.middleware">
      <metrics statements="23" coveredstatements="0" conditionals="15" coveredconditionals="0" methods="4" coveredmethods="0"/>
      <file name="auth.ts" path="/home/diogobotelho/projects/busk-app/backend/src/middleware/auth.ts">
        <metrics statements="23" coveredstatements="0" conditionals="15" coveredconditionals="0" methods="4" coveredmethods="0"/>
        <line num="20" count="0" type="stmt"/>
        <line num="21" count="0" type="cond" truecount="0" falsecount="2"/>
        <line num="22" count="0" type="cond" truecount="0" falsecount="2"/>
        <line num="23" count="0" type="stmt"/>
        <line num="24" count="0" type="stmt"/>
        <line num="26" count="0" type="stmt"/>
        <line num="28" count="0" type="stmt"/>
        <line num="42" count="0" type="stmt"/>
        <line num="43" count="0" type="cond" truecount="0" falsecount="2"/>
        <line num="45" count="0" type="stmt"/>
        <line num="47" count="0" type="stmt"/>
        <line num="49" count="0" type="stmt"/>
        <line num="63" count="0" type="stmt"/>
        <line num="64" count="0" type="cond" truecount="0" falsecount="4"/>
        <line num="65" count="0" type="stmt"/>
        <line num="67" count="0" type="stmt"/>
        <line num="69" count="0" type="stmt"/>
        <line num="84" count="0" type="stmt"/>
        <line num="85" count="0" type="stmt"/>
        <line num="86" count="0" type="cond" truecount="0" falsecount="5"/>
        <line num="87" count="0" type="stmt"/>
        <line num="89" count="0" type="stmt"/>
        <line num="91" count="0" type="stmt"/>
      </file>
    </package>
    <package name="src.models">
      <metrics statements="82" coveredstatements="82" conditionals="30" coveredconditionals="30" methods="18" coveredmethods="18"/>
      <file name="_testCommon.ts" path="/home/diogobotelho/projects/busk-app/backend/src/models/_testCommon.ts">
        <metrics statements="16" coveredstatements="16" conditionals="0" coveredconditionals="0" methods="7" coveredmethods="7"/>
        <line num="4" count="2" type="stmt"/>
        <line num="6" count="2" type="stmt"/>
        <line num="7" count="2" type="stmt"/>
        <line num="8" count="2" type="stmt"/>
        <line num="11" count="2" type="stmt"/>
        <line num="13" count="2" type="stmt"/>
        <line num="15" count="2" type="stmt"/>
        <line num="17" count="2" type="stmt"/>
        <line num="28" count="4" type="stmt"/>
        <line num="30" count="2" type="stmt"/>
        <line num="36" count="2" type="stmt"/>
        <line num="38" count="2" type="stmt"/>
        <line num="45" count="2" type="stmt"/>
        <line num="49" count="29" type="stmt"/>
        <line num="53" count="29" type="stmt"/>
        <line num="57" count="2" type="stmt"/>
      </file>
      <file name="event.ts" path="/home/diogobotelho/projects/busk-app/backend/src/models/event.ts">
        <metrics statements="25" coveredstatements="25" conditionals="12" coveredconditionals="12" methods="5" coveredmethods="5"/>
        <line num="27" count="2" type="stmt"/>
        <line num="32" count="2" type="stmt"/>
        <line num="38" count="4" type="stmt"/>
        <line num="45" count="4" type="stmt"/>
        <line num="47" count="4" type="cond" truecount="2" falsecount="0"/>
        <line num="48" count="3" type="stmt"/>
        <line num="53" count="5" type="cond" truecount="2" falsecount="0"/>
        <line num="54" count="2" type="stmt"/>
        <line num="57" count="3" type="stmt"/>
        <line num="59" count="3" type="cond" truecount="2" falsecount="0"/>
        <line num="61" count="2" type="stmt"/>
        <line num="63" count="2" type="stmt"/>
        <line num="70" count="2" type="stmt"/>
        <line num="71" count="2" type="stmt"/>
        <line num="76" count="4" type="cond" truecount="2" falsecount="0"/>
        <line num="78" count="3" type="stmt"/>
        <line num="82" count="3" type="stmt"/>
        <line num="84" count="3" type="stmt"/>
        <line num="89" count="3" type="stmt"/>
        <line num="90" count="3" type="stmt"/>
        <line num="92" count="3" type="cond" truecount="2" falsecount="0"/>
        <line num="94" count="2" type="stmt"/>
        <line num="99" count="2" type="stmt"/>
        <line num="107" count="2" type="stmt"/>
        <line num="109" count="2" type="cond" truecount="2" falsecount="0"/>
      </file>
      <file name="user.ts" path="/home/diogobotelho/projects/busk-app/backend/src/models/user.ts">
        <metrics statements="41" coveredstatements="41" conditionals="18" coveredconditionals="18" methods="6" coveredmethods="6"/>
        <line num="29" count="3" type="stmt"/>
        <line num="42" count="3" type="stmt"/>
        <line num="44" count="3" type="cond" truecount="2" falsecount="0"/>
        <line num="45" count="2" type="stmt"/>
        <line num="46" count="2" type="cond" truecount="2" falsecount="0"/>
        <line num="47" count="1" type="stmt"/>
        <line num="48" count="1" type="stmt"/>
        <line num="51" count="2" type="stmt"/>
        <line num="63" count="3" type="stmt"/>
        <line num="64" count="3" type="stmt"/>
        <line num="71" count="3" type="cond" truecount="2" falsecount="0"/>
        <line num="72" count="1" type="stmt"/>
        <line num="75" count="2" type="stmt"/>
        <line num="76" count="2" type="stmt"/>
        <line num="90" count="2" type="stmt"/>
        <line num="92" count="2" type="stmt"/>
        <line num="101" count="1" type="stmt"/>
        <line num="111" count="1" type="stmt"/>
        <line num="120" count="4" type="stmt"/>
        <line num="132" count="4" type="stmt"/>
        <line num="134" count="4" type="cond" truecount="2" falsecount="0"/>
        <line num="136" count="3" type="stmt"/>
        <line num="143" count="3" type="stmt"/>
        <line num="145" count="3" type="cond" truecount="2" falsecount="0"/>
        <line num="146" count="3" type="stmt"/>
        <line num="148" count="3" type="stmt"/>
        <line num="169" count="5" type="cond" truecount="2" falsecount="0"/>
        <line num="171" count="4" type="cond" truecount="2" falsecount="0"/>
        <line num="172" count="3" type="stmt"/>
        <line num="175" count="4" type="stmt"/>
        <line num="181" count="4" type="stmt"/>
        <line num="183" count="4" type="stmt"/>
        <line num="193" count="4" type="stmt"/>
        <line num="194" count="4" type="stmt"/>
        <line num="195" count="4" type="cond" truecount="2" falsecount="0"/>
        <line num="197" count="3" type="stmt"/>
        <line num="198" count="3" type="stmt"/>
        <line num="205" count="2" type="stmt"/>
        <line num="213" count="2" type="stmt"/>
        <line num="215" count="2" type="cond" truecount="2" falsecount="0"/>
        <line num="217" count="1" type="stmt"/>
      </file>
    </package>
    <package name="src.routes">
      <metrics statements="79" coveredstatements="17" conditionals="2" coveredconditionals="0" methods="13" coveredmethods="0"/>
      <file name="authRoutes.ts" path="/home/diogobotelho/projects/busk-app/backend/src/routes/authRoutes.ts">
        <metrics statements="16" coveredstatements="3" conditionals="0" coveredconditionals="0" methods="2" coveredmethods="0"/>
        <line num="5" count="1" type="stmt"/>
        <line num="11" count="1" type="stmt"/>
        <line num="23" count="0" type="stmt"/>
        <line num="24" count="0" type="stmt"/>
        <line num="25" count="0" type="stmt"/>
        <line num="26" count="0" type="stmt"/>
        <line num="27" count="0" type="stmt"/>
        <line num="29" count="0" type="stmt"/>
        <line num="35" count="1" type="stmt"/>
        <line num="42" count="0" type="stmt"/>
        <line num="43" count="0" type="stmt"/>
        <line num="45" count="0" type="stmt"/>
        <line num="46" count="0" type="stmt"/>
        <line num="47" count="0" type="stmt"/>
        <line num="48" count="0" type="stmt"/>
        <line num="50" count="0" type="stmt"/>
      </file>
      <file name="buskerRoutes.ts" path="/home/diogobotelho/projects/busk-app/backend/src/routes/buskerRoutes.ts">
        <metrics statements="3" coveredstatements="2" conditionals="0" coveredconditionals="0" methods="1" coveredmethods="0"/>
        <line num="4" count="1" type="stmt"/>
        <line num="7" count="1" type="stmt"/>
        <line num="14" count="0" type="stmt"/>
      </file>
      <file name="eventRoutes.ts" path="/home/diogobotelho/projects/busk-app/backend/src/routes/eventRoutes.ts">
        <metrics statements="31" coveredstatements="6" conditionals="2" coveredconditionals="0" methods="5" coveredmethods="0"/>
        <line num="4" count="1" type="stmt"/>
        <line num="7" count="1" type="stmt"/>
        <line num="14" count="0" type="stmt"/>
        <line num="15" count="0" type="stmt"/>
        <line num="16" count="0" type="stmt"/>
        <line num="18" count="0" type="stmt"/>
        <line num="24" count="1" type="stmt"/>
        <line num="31" count="0" type="stmt"/>
        <line num="32" count="0" type="stmt"/>
        <line num="34" count="0" type="stmt"/>
        <line num="35" count="0" type="stmt"/>
        <line num="37" count="0" type="stmt"/>
        <line num="44" count="1" type="stmt"/>
        <line num="51" count="0" type="stmt"/>
        <line num="52" count="0" type="stmt"/>
        <line num="53" count="0" type="stmt"/>
        <line num="55" count="0" type="stmt"/>
        <line num="58" count="0" type="stmt"/>
        <line num="65" count="1" type="stmt"/>
        <line num="72" count="0" type="stmt"/>
        <line num="73" count="0" type="stmt"/>
        <line num="75" count="0" type="stmt"/>
        <line num="77" count="0" type="cond" truecount="0" falsecount="2"/>
        <line num="78" count="0" type="stmt"/>
        <line num="80" count="0" type="stmt"/>
        <line num="87" count="1" type="stmt"/>
        <line num="94" count="0" type="stmt"/>
        <line num="95" count="0" type="stmt"/>
        <line num="97" count="0" type="stmt"/>
        <line num="98" count="0" type="stmt"/>
        <line num="100" count="0" type="stmt"/>
      </file>
      <file name="userRoutes.ts" path="/home/diogobotelho/projects/busk-app/backend/src/routes/userRoutes.ts">
        <metrics statements="29" coveredstatements="6" conditionals="0" coveredconditionals="0" methods="5" coveredmethods="0"/>
        <line num="15" count="1" type="stmt"/>
        <line num="29" count="1" type="stmt"/>
        <line num="30" count="0" type="stmt"/>
        <line num="37" count="0" type="stmt"/>
        <line num="39" count="0" type="stmt"/>
        <line num="40" count="0" type="stmt"/>
        <line num="41" count="0" type="stmt"/>
        <line num="43" count="0" type="stmt"/>
        <line num="54" count="1" type="stmt"/>
        <line num="62" count="0" type="stmt"/>
        <line num="63" count="0" type="stmt"/>
        <line num="64" count="0" type="stmt"/>
        <line num="66" count="0" type="stmt"/>
        <line num="77" count="1" type="stmt"/>
        <line num="85" count="0" type="stmt"/>
        <line num="86" count="0" type="stmt"/>
        <line num="87" count="0" type="stmt"/>
        <line num="88" count="0" type="stmt"/>
        <line num="90" count="0" type="stmt"/>
        <line num="105" count="1" type="stmt"/>
        <line num="113" count="0" type="stmt"/>
        <line num="119" count="0" type="stmt"/>
        <line num="121" count="0" type="stmt"/>
        <line num="123" count="0" type="stmt"/>
        <line num="125" count="0" type="stmt"/>
        <line num="134" count="1" type="stmt"/>
        <line num="142" count="0" type="stmt"/>
        <line num="144" count="0" type="stmt"/>
        <line num="145" count="0" type="stmt"/>
      </file>
    </package>
  </project>
</coverage>
