{"/home/diogobotelho/projects/busk-app/backend/src/app.ts": {"path":"/home/diogobotelho/projects/busk-app/backend/src/app.ts","statementMap":{"0":{"start":{"line":16,"column":12},"end":{"line":16,"column":21}},"1":{"start":{"line":18,"column":0},"end":{"line":18,"column":16}},"2":{"start":{"line":21,"column":0},"end":{"line":21,"column":24}},"3":{"start":{"line":22,"column":0},"end":{"line":22,"column":25}},"4":{"start":{"line":23,"column":0},"end":{"line":23,"column":24}},"5":{"start":{"line":26,"column":0},"end":{"line":26,"column":29}},"6":{"start":{"line":27,"column":0},"end":{"line":27,"column":34}},"7":{"start":{"line":28,"column":0},"end":{"line":28,"column":32}},"8":{"start":{"line":29,"column":0},"end":{"line":29,"column":30}},"9":{"start":{"line":32,"column":0},"end":{"line":34,"column":3}},"10":{"start":{"line":33,"column":2},"end":{"line":33,"column":35}},"11":{"start":{"line":37,"column":0},"end":{"line":47,"column":3}},"12":{"start":{"line":43,"column":17},"end":{"line":43,"column":34}},"13":{"start":{"line":44,"column":18},"end":{"line":44,"column":29}},"14":{"start":{"line":45,"column":2},"end":{"line":45,"column":72}},"15":{"start":{"line":45,"column":39},"end":{"line":45,"column":72}},"16":{"start":{"line":46,"column":2},"end":{"line":46,"column":65}}},"fnMap":{"0":{"name":"(anonymous_0)","decl":{"start":{"line":32,"column":8},"end":{"line":32,"column":9}},"loc":{"start":{"line":32,"column":34},"end":{"line":34,"column":1}},"line":32},"1":{"name":"(anonymous_1)","decl":{"start":{"line":37,"column":8},"end":{"line":37,"column":9}},"loc":{"start":{"line":42,"column":2},"end":{"line":47,"column":1}},"line":42}},"branchMap":{"0":{"loc":{"start":{"line":43,"column":17},"end":{"line":43,"column":34}},"type":"binary-expr","locations":[{"start":{"line":43,"column":17},"end":{"line":43,"column":27}},{"start":{"line":43,"column":31},"end":{"line":43,"column":34}}],"line":43},"1":{"loc":{"start":{"line":45,"column":2},"end":{"line":45,"column":72}},"type":"if","locations":[{"start":{"line":45,"column":2},"end":{"line":45,"column":72}},{"start":{"line":45,"column":2},"end":{"line":45,"column":72}}],"line":45}},"s":{"0":1,"1":1,"2":1,"3":1,"4":1,"5":1,"6":1,"7":1,"8":1,"9":1,"10":0,"11":1,"12":14,"13":14,"14":14,"15":0,"16":14},"f":{"0":0,"1":14},"b":{"0":[14,1],"1":[0,14]},"_coverageSchema":"1a1c01bbd47fc00a2c39e90264f33305004495a9","hash":"4b83eced785212876e211e2e028ad7eb432b3f80"}
,"/home/diogobotelho/projects/busk-app/backend/src/config.ts": {"path":"/home/diogobotelho/projects/busk-app/backend/src/config.ts","statementMap":{"0":{"start":{"line":1,"column":20},"end":{"line":1,"column":45}},"1":{"start":{"line":4,"column":2},"end":{"line":7,"column":61}},"2":{"start":{"line":11,"column":26},"end":{"line":11,"column":38}},"3":{"start":{"line":13,"column":34},"end":{"line":13,"column":74}}},"fnMap":{},"branchMap":{"0":{"loc":{"start":{"line":1,"column":20},"end":{"line":1,"column":45}},"type":"binary-expr","locations":[{"start":{"line":1,"column":20},"end":{"line":1,"column":37}},{"start":{"line":1,"column":41},"end":{"line":1,"column":45}}],"line":1},"1":{"loc":{"start":{"line":4,"column":2},"end":{"line":7,"column":61}},"type":"cond-expr","locations":[{"start":{"line":5,"column":6},"end":{"line":5,"column":66}},{"start":{"line":6,"column":6},"end":{"line":7,"column":61}}],"line":4},"2":{"loc":{"start":{"line":6,"column":6},"end":{"line":7,"column":61}},"type":"binary-expr","locations":[{"start":{"line":6,"column":6},"end":{"line":6,"column":30}},{"start":{"line":7,"column":6},"end":{"line":7,"column":61}}],"line":6},"3":{"loc":{"start":{"line":13,"column":34},"end":{"line":13,"column":74}},"type":"cond-expr","locations":[{"start":{"line":13,"column":68},"end":{"line":13,"column":69}},{"start":{"line":13,"column":72},"end":{"line":13,"column":74}}],"line":13}},"s":{"0":3,"1":3,"2":3,"3":3},"f":{},"b":{"0":[3,3],"1":[3,0],"2":[0,0],"3":[3,0]},"_coverageSchema":"1a1c01bbd47fc00a2c39e90264f33305004495a9","hash":"050af5ba858dd555a25bc478779f0738429f78c2"}
,"/home/diogobotelho/projects/busk-app/backend/src/db.ts": {"path":"/home/diogobotelho/projects/busk-app/backend/src/db.ts","statementMap":{"0":{"start":{"line":5,"column":11},"end":{"line":7,"column":2}},"1":{"start":{"line":9,"column":0},"end":{"line":9,"column":13}}},"fnMap":{},"branchMap":{},"s":{"0":3,"1":3},"f":{},"b":{},"_coverageSchema":"1a1c01bbd47fc00a2c39e90264f33305004495a9","hash":"6b9fde6c0c80444d3c1b45b28004fb8d990f2e00"}
,"/home/diogobotelho/projects/busk-app/backend/src/expressError.ts": {"path":"/home/diogobotelho/projects/busk-app/backend/src/expressError.ts","statementMap":{"0":{"start":{"line":12,"column":4},"end":{"line":12,"column":12}},"1":{"start":{"line":13,"column":4},"end":{"line":13,"column":27}},"2":{"start":{"line":14,"column":4},"end":{"line":14,"column":25}},"3":{"start":{"line":22,"column":4},"end":{"line":22,"column":24}},"4":{"start":{"line":30,"column":4},"end":{"line":30,"column":24}},"5":{"start":{"line":38,"column":4},"end":{"line":38,"column":24}},"6":{"start":{"line":46,"column":4},"end":{"line":46,"column":24}}},"fnMap":{"0":{"name":"(anonymous_0)","decl":{"start":{"line":11,"column":2},"end":{"line":11,"column":3}},"loc":{"start":{"line":11,"column":47},"end":{"line":15,"column":3}},"line":11},"1":{"name":"(anonymous_1)","decl":{"start":{"line":21,"column":2},"end":{"line":21,"column":3}},"loc":{"start":{"line":21,"column":37},"end":{"line":23,"column":3}},"line":21},"2":{"name":"(anonymous_2)","decl":{"start":{"line":29,"column":2},"end":{"line":29,"column":3}},"loc":{"start":{"line":29,"column":40},"end":{"line":31,"column":3}},"line":29},"3":{"name":"(anonymous_3)","decl":{"start":{"line":37,"column":2},"end":{"line":37,"column":3}},"loc":{"start":{"line":37,"column":39},"end":{"line":39,"column":3}},"line":37},"4":{"name":"(anonymous_4)","decl":{"start":{"line":45,"column":2},"end":{"line":45,"column":3}},"loc":{"start":{"line":45,"column":39},"end":{"line":47,"column":3}},"line":45}},"branchMap":{"0":{"loc":{"start":{"line":21,"column":14},"end":{"line":21,"column":35}},"type":"default-arg","locations":[{"start":{"line":21,"column":24},"end":{"line":21,"column":35}}],"line":21},"1":{"loc":{"start":{"line":29,"column":14},"end":{"line":29,"column":38}},"type":"default-arg","locations":[{"start":{"line":29,"column":24},"end":{"line":29,"column":38}}],"line":29},"2":{"loc":{"start":{"line":37,"column":14},"end":{"line":37,"column":37}},"type":"default-arg","locations":[{"start":{"line":37,"column":24},"end":{"line":37,"column":37}}],"line":37},"3":{"loc":{"start":{"line":45,"column":14},"end":{"line":45,"column":37}},"type":"default-arg","locations":[{"start":{"line":45,"column":24},"end":{"line":45,"column":37}}],"line":45}},"s":{"0":27,"1":27,"2":27,"3":9,"4":12,"5":6,"6":0},"f":{"0":27,"1":9,"2":12,"3":6,"4":0},"b":{"0":[0],"1":[10],"2":[0],"3":[0]},"_coverageSchema":"1a1c01bbd47fc00a2c39e90264f33305004495a9","hash":"4af6a49aba26435a7104725d117e777ef31e3b7e"}
,"/home/diogobotelho/projects/busk-app/backend/src/helpers/sql.ts": {"path":"/home/diogobotelho/projects/busk-app/backend/src/helpers/sql.ts","statementMap":{"0":{"start":{"line":41,"column":15},"end":{"line":41,"column":40}},"1":{"start":{"line":42,"column":2},"end":{"line":42,"column":62}},"2":{"start":{"line":42,"column":25},"end":{"line":42,"column":62}},"3":{"start":{"line":45,"column":15},"end":{"line":47,"column":3}},"4":{"start":{"line":46,"column":22},"end":{"line":46,"column":68}},"5":{"start":{"line":49,"column":2},"end":{"line":52,"column":4}}},"fnMap":{"0":{"name":"sqlForPartialUpdate","decl":{"start":{"line":37,"column":16},"end":{"line":37,"column":35}},"loc":{"start":{"line":40,"column":2},"end":{"line":53,"column":1}},"line":40},"1":{"name":"(anonymous_1)","decl":{"start":{"line":46,"column":4},"end":{"line":46,"column":5}},"loc":{"start":{"line":46,"column":22},"end":{"line":46,"column":68}},"line":46}},"branchMap":{"0":{"loc":{"start":{"line":42,"column":2},"end":{"line":42,"column":62}},"type":"if","locations":[{"start":{"line":42,"column":2},"end":{"line":42,"column":62}},{"start":{"line":42,"column":2},"end":{"line":42,"column":62}}],"line":42},"1":{"loc":{"start":{"line":46,"column":26},"end":{"line":46,"column":53}},"type":"binary-expr","locations":[{"start":{"line":46,"column":26},"end":{"line":46,"column":42}},{"start":{"line":46,"column":46},"end":{"line":46,"column":53}}],"line":46}},"s":{"0":15,"1":15,"2":0,"3":15,"4":30,"5":15},"f":{"0":15,"1":30},"b":{"0":[0,15],"1":[30,16]},"_coverageSchema":"1a1c01bbd47fc00a2c39e90264f33305004495a9","hash":"4ec252a7e4c0c79d81270f0b5940b73aab608cfa"}
,"/home/diogobotelho/projects/busk-app/backend/src/helpers/tokens.ts": {"path":"/home/diogobotelho/projects/busk-app/backend/src/helpers/tokens.ts","statementMap":{"0":{"start":{"line":7,"column":2},"end":{"line":10,"column":4}},"1":{"start":{"line":12,"column":16},"end":{"line":15,"column":3}},"2":{"start":{"line":17,"column":2},"end":{"line":17,"column":39}}},"fnMap":{"0":{"name":"createToken","decl":{"start":{"line":6,"column":16},"end":{"line":6,"column":27}},"loc":{"start":{"line":6,"column":44},"end":{"line":18,"column":1}},"line":6}},"branchMap":{"0":{"loc":{"start":{"line":14,"column":13},"end":{"line":14,"column":34}},"type":"binary-expr","locations":[{"start":{"line":14,"column":13},"end":{"line":14,"column":25}},{"start":{"line":14,"column":29},"end":{"line":14,"column":34}}],"line":14}},"s":{"0":5,"1":5,"2":5},"f":{"0":5},"b":{"0":[5,3]},"_coverageSchema":"1a1c01bbd47fc00a2c39e90264f33305004495a9","hash":"59e183770f4911a17f4b39b3e107efca758b7281"}
,"/home/diogobotelho/projects/busk-app/backend/src/middleware/auth.ts": {"path":"/home/diogobotelho/projects/busk-app/backend/src/middleware/auth.ts","statementMap":{"0":{"start":{"line":20,"column":2},"end":{"line":29,"column":3}},"1":{"start":{"line":21,"column":23},"end":{"line":21,"column":63}},"2":{"start":{"line":22,"column":4},"end":{"line":25,"column":5}},"3":{"start":{"line":23,"column":20},"end":{"line":23,"column":64}},"4":{"start":{"line":24,"column":6},"end":{"line":24,"column":54}},"5":{"start":{"line":26,"column":4},"end":{"line":26,"column":18}},"6":{"start":{"line":28,"column":4},"end":{"line":28,"column":18}},"7":{"start":{"line":42,"column":2},"end":{"line":50,"column":3}},"8":{"start":{"line":43,"column":4},"end":{"line":46,"column":5}},"9":{"start":{"line":45,"column":6},"end":{"line":45,"column":36}},"10":{"start":{"line":47,"column":4},"end":{"line":47,"column":18}},"11":{"start":{"line":49,"column":4},"end":{"line":49,"column":21}},"12":{"start":{"line":63,"column":2},"end":{"line":70,"column":3}},"13":{"start":{"line":64,"column":4},"end":{"line":66,"column":5}},"14":{"start":{"line":65,"column":6},"end":{"line":65,"column":36}},"15":{"start":{"line":67,"column":4},"end":{"line":67,"column":18}},"16":{"start":{"line":69,"column":4},"end":{"line":69,"column":21}},"17":{"start":{"line":84,"column":2},"end":{"line":92,"column":3}},"18":{"start":{"line":85,"column":17},"end":{"line":85,"column":32}},"19":{"start":{"line":86,"column":4},"end":{"line":88,"column":5}},"20":{"start":{"line":87,"column":6},"end":{"line":87,"column":36}},"21":{"start":{"line":89,"column":4},"end":{"line":89,"column":18}},"22":{"start":{"line":91,"column":4},"end":{"line":91,"column":21}}},"fnMap":{"0":{"name":"authenticateJWT","decl":{"start":{"line":15,"column":16},"end":{"line":15,"column":31}},"loc":{"start":{"line":19,"column":2},"end":{"line":30,"column":1}},"line":19},"1":{"name":"ensureLoggedIn","decl":{"start":{"line":37,"column":16},"end":{"line":37,"column":30}},"loc":{"start":{"line":41,"column":2},"end":{"line":51,"column":1}},"line":41},"2":{"name":"ensureAdmin","decl":{"start":{"line":58,"column":16},"end":{"line":58,"column":27}},"loc":{"start":{"line":62,"column":2},"end":{"line":71,"column":1}},"line":62},"3":{"name":"ensureCorrectUserOrAdmin","decl":{"start":{"line":79,"column":16},"end":{"line":79,"column":40}},"loc":{"start":{"line":83,"column":2},"end":{"line":93,"column":1}},"line":83}},"branchMap":{"0":{"loc":{"start":{"line":21,"column":23},"end":{"line":21,"column":63}},"type":"binary-expr","locations":[{"start":{"line":21,"column":23},"end":{"line":21,"column":34}},{"start":{"line":21,"column":38},"end":{"line":21,"column":63}}],"line":21},"1":{"loc":{"start":{"line":22,"column":4},"end":{"line":25,"column":5}},"type":"if","locations":[{"start":{"line":22,"column":4},"end":{"line":25,"column":5}},{"start":{"line":22,"column":4},"end":{"line":25,"column":5}}],"line":22},"2":{"loc":{"start":{"line":43,"column":4},"end":{"line":46,"column":5}},"type":"if","locations":[{"start":{"line":43,"column":4},"end":{"line":46,"column":5}},{"start":{"line":43,"column":4},"end":{"line":46,"column":5}}],"line":43},"3":{"loc":{"start":{"line":64,"column":4},"end":{"line":66,"column":5}},"type":"if","locations":[{"start":{"line":64,"column":4},"end":{"line":66,"column":5}},{"start":{"line":64,"column":4},"end":{"line":66,"column":5}}],"line":64},"4":{"loc":{"start":{"line":64,"column":8},"end":{"line":64,"column":52}},"type":"binary-expr","locations":[{"start":{"line":64,"column":8},"end":{"line":64,"column":24}},{"start":{"line":64,"column":28},"end":{"line":64,"column":52}}],"line":64},"5":{"loc":{"start":{"line":86,"column":4},"end":{"line":88,"column":5}},"type":"if","locations":[{"start":{"line":86,"column":4},"end":{"line":88,"column":5}},{"start":{"line":86,"column":4},"end":{"line":88,"column":5}}],"line":86},"6":{"loc":{"start":{"line":86,"column":10},"end":{"line":86,"column":73}},"type":"binary-expr","locations":[{"start":{"line":86,"column":10},"end":{"line":86,"column":14}},{"start":{"line":86,"column":19},"end":{"line":86,"column":31}},{"start":{"line":86,"column":35},"end":{"line":86,"column":72}}],"line":86}},"s":{"0":24,"1":24,"2":24,"3":19,"4":19,"5":24,"6":0,"7":0,"8":0,"9":0,"10":0,"11":0,"12":8,"13":8,"14":4,"15":4,"16":4,"17":16,"18":16,"19":16,"20":6,"21":10,"22":6},"f":{"0":24,"1":0,"2":8,"3":16},"b":{"0":[24,24],"1":[19,5],"2":[0,0],"3":[4,4],"4":[8,6],"5":[6,10],"6":[16,13,6]},"_coverageSchema":"1a1c01bbd47fc00a2c39e90264f33305004495a9","hash":"699c19c26a6f2efdfdeb4859f0966e9fe4b44aea"}
,"/home/diogobotelho/projects/busk-app/backend/src/models/_testCommon.ts": {"path":"/home/diogobotelho/projects/busk-app/backend/src/models/_testCommon.ts","statementMap":{"0":{"start":{"line":4,"column":31},"end":{"line":4,"column":51}},"1":{"start":{"line":6,"column":33},"end":{"line":6,"column":35}},"2":{"start":{"line":7,"column":35},"end":{"line":7,"column":37}},"3":{"start":{"line":8,"column":34},"end":{"line":8,"column":36}},"4":{"start":{"line":11,"column":2},"end":{"line":11,"column":39}},"5":{"start":{"line":13,"column":2},"end":{"line":13,"column":40}},"6":{"start":{"line":15,"column":2},"end":{"line":15,"column":38}},"7":{"start":{"line":17,"column":22},"end":{"line":27,"column":3}},"8":{"start":{"line":28,"column":2},"end":{"line":28,"column":63}},"9":{"start":{"line":28,"column":56},"end":{"line":28,"column":60}},"10":{"start":{"line":30,"column":24},"end":{"line":35,"column":3}},"11":{"start":{"line":36,"column":2},"end":{"line":36,"column":67}},"12":{"start":{"line":36,"column":60},"end":{"line":36,"column":64}},"13":{"start":{"line":38,"column":23},"end":{"line":44,"column":3}},"14":{"start":{"line":45,"column":2},"end":{"line":45,"column":65}},"15":{"start":{"line":45,"column":58},"end":{"line":45,"column":62}},"16":{"start":{"line":49,"column":2},"end":{"line":49,"column":26}},"17":{"start":{"line":53,"column":2},"end":{"line":53,"column":29}},"18":{"start":{"line":57,"column":2},"end":{"line":57,"column":17}}},"fnMap":{"0":{"name":"commonBeforeAll","decl":{"start":{"line":10,"column":22},"end":{"line":10,"column":37}},"loc":{"start":{"line":10,"column":40},"end":{"line":46,"column":1}},"line":10},"1":{"name":"(anonymous_1)","decl":{"start":{"line":28,"column":49},"end":{"line":28,"column":50}},"loc":{"start":{"line":28,"column":56},"end":{"line":28,"column":60}},"line":28},"2":{"name":"(anonymous_2)","decl":{"start":{"line":36,"column":53},"end":{"line":36,"column":54}},"loc":{"start":{"line":36,"column":60},"end":{"line":36,"column":64}},"line":36},"3":{"name":"(anonymous_3)","decl":{"start":{"line":45,"column":51},"end":{"line":45,"column":52}},"loc":{"start":{"line":45,"column":58},"end":{"line":45,"column":62}},"line":45},"4":{"name":"commonBeforeEach","decl":{"start":{"line":48,"column":22},"end":{"line":48,"column":38}},"loc":{"start":{"line":48,"column":41},"end":{"line":50,"column":1}},"line":48},"5":{"name":"commonAfterEach","decl":{"start":{"line":52,"column":22},"end":{"line":52,"column":37}},"loc":{"start":{"line":52,"column":40},"end":{"line":54,"column":1}},"line":52},"6":{"name":"commonAfterAll","decl":{"start":{"line":56,"column":22},"end":{"line":56,"column":36}},"loc":{"start":{"line":56,"column":39},"end":{"line":58,"column":1}},"line":56}},"branchMap":{},"s":{"0":2,"1":2,"2":2,"3":2,"4":2,"5":2,"6":2,"7":2,"8":2,"9":4,"10":2,"11":2,"12":2,"13":2,"14":2,"15":2,"16":29,"17":29,"18":2},"f":{"0":2,"1":4,"2":2,"3":2,"4":29,"5":29,"6":2},"b":{},"_coverageSchema":"1a1c01bbd47fc00a2c39e90264f33305004495a9","hash":"5dadf5572d3c66d15fc5d70bec58f8228e77a5f6"}
,"/home/diogobotelho/projects/busk-app/backend/src/models/event.ts": {"path":"/home/diogobotelho/projects/busk-app/backend/src/models/event.ts","statementMap":{"0":{"start":{"line":27,"column":19},"end":{"line":30,"column":5}},"1":{"start":{"line":32,"column":4},"end":{"line":32,"column":23}},"2":{"start":{"line":38,"column":19},"end":{"line":43,"column":5}},"3":{"start":{"line":45,"column":18},"end":{"line":45,"column":32}},"4":{"start":{"line":47,"column":4},"end":{"line":47,"column":64}},"5":{"start":{"line":47,"column":16},"end":{"line":47,"column":64}},"6":{"start":{"line":48,"column":4},"end":{"line":48,"column":17}},"7":{"start":{"line":53,"column":4},"end":{"line":55,"column":5}},"8":{"start":{"line":54,"column":6},"end":{"line":54,"column":49}},"9":{"start":{"line":57,"column":38},"end":{"line":57,"column":47}},"10":{"start":{"line":59,"column":4},"end":{"line":59,"column":70}},"11":{"start":{"line":59,"column":28},"end":{"line":59,"column":70}},"12":{"start":{"line":61,"column":24},"end":{"line":61,"column":61}},"13":{"start":{"line":63,"column":19},"end":{"line":68,"column":5}},"14":{"start":{"line":70,"column":18},"end":{"line":70,"column":32}},"15":{"start":{"line":71,"column":4},"end":{"line":71,"column":17}},"16":{"start":{"line":76,"column":4},"end":{"line":76,"column":58}},"17":{"start":{"line":76,"column":15},"end":{"line":76,"column":58}},"18":{"start":{"line":78,"column":32},"end":{"line":80,"column":6}},"19":{"start":{"line":82,"column":24},"end":{"line":82,"column":49}},"20":{"start":{"line":84,"column":21},"end":{"line":87,"column":76}},"21":{"start":{"line":89,"column":19},"end":{"line":89,"column":60}},"22":{"start":{"line":90,"column":18},"end":{"line":90,"column":32}},"23":{"start":{"line":92,"column":4},"end":{"line":92,"column":59}},"24":{"start":{"line":92,"column":16},"end":{"line":92,"column":59}},"25":{"start":{"line":94,"column":4},"end":{"line":94,"column":17}},"26":{"start":{"line":99,"column":19},"end":{"line":105,"column":5}},"27":{"start":{"line":107,"column":18},"end":{"line":107,"column":32}},"28":{"start":{"line":109,"column":4},"end":{"line":109,"column":63}},"29":{"start":{"line":109,"column":16},"end":{"line":109,"column":63}}},"fnMap":{"0":{"name":"(anonymous_0)","decl":{"start":{"line":26,"column":2},"end":{"line":26,"column":3}},"loc":{"start":{"line":26,"column":24},"end":{"line":33,"column":3}},"line":26},"1":{"name":"(anonymous_1)","decl":{"start":{"line":37,"column":2},"end":{"line":37,"column":3}},"loc":{"start":{"line":37,"column":35},"end":{"line":49,"column":3}},"line":37},"2":{"name":"(anonymous_2)","decl":{"start":{"line":52,"column":2},"end":{"line":52,"column":3}},"loc":{"start":{"line":52,"column":44},"end":{"line":72,"column":3}},"line":52},"3":{"name":"(anonymous_3)","decl":{"start":{"line":75,"column":2},"end":{"line":75,"column":3}},"loc":{"start":{"line":75,"column":51},"end":{"line":95,"column":3}},"line":75},"4":{"name":"(anonymous_4)","decl":{"start":{"line":98,"column":2},"end":{"line":98,"column":3}},"loc":{"start":{"line":98,"column":34},"end":{"line":110,"column":3}},"line":98}},"branchMap":{"0":{"loc":{"start":{"line":47,"column":4},"end":{"line":47,"column":64}},"type":"if","locations":[{"start":{"line":47,"column":4},"end":{"line":47,"column":64}},{"start":{"line":47,"column":4},"end":{"line":47,"column":64}}],"line":47},"1":{"loc":{"start":{"line":53,"column":4},"end":{"line":55,"column":5}},"type":"if","locations":[{"start":{"line":53,"column":4},"end":{"line":55,"column":5}},{"start":{"line":53,"column":4},"end":{"line":55,"column":5}}],"line":53},"2":{"loc":{"start":{"line":59,"column":4},"end":{"line":59,"column":70}},"type":"if","locations":[{"start":{"line":59,"column":4},"end":{"line":59,"column":70}},{"start":{"line":59,"column":4},"end":{"line":59,"column":70}}],"line":59},"3":{"loc":{"start":{"line":76,"column":4},"end":{"line":76,"column":58}},"type":"if","locations":[{"start":{"line":76,"column":4},"end":{"line":76,"column":58}},{"start":{"line":76,"column":4},"end":{"line":76,"column":58}}],"line":76},"4":{"loc":{"start":{"line":92,"column":4},"end":{"line":92,"column":59}},"type":"if","locations":[{"start":{"line":92,"column":4},"end":{"line":92,"column":59}},{"start":{"line":92,"column":4},"end":{"line":92,"column":59}}],"line":92},"5":{"loc":{"start":{"line":109,"column":4},"end":{"line":109,"column":63}},"type":"if","locations":[{"start":{"line":109,"column":4},"end":{"line":109,"column":63}},{"start":{"line":109,"column":4},"end":{"line":109,"column":63}}],"line":109}},"s":{"0":2,"1":2,"2":4,"3":4,"4":4,"5":1,"6":3,"7":6,"8":2,"9":4,"10":4,"11":1,"12":3,"13":3,"14":3,"15":3,"16":4,"17":1,"18":3,"19":3,"20":3,"21":3,"22":3,"23":3,"24":1,"25":2,"26":2,"27":2,"28":2,"29":1},"f":{"0":2,"1":4,"2":6,"3":4,"4":2},"b":{"0":[1,3],"1":[2,4],"2":[1,3],"3":[1,3],"4":[1,2],"5":[1,1]},"_coverageSchema":"1a1c01bbd47fc00a2c39e90264f33305004495a9","hash":"8f1a99511616c5eff94c43605288feaedd69ddb4"}
,"/home/diogobotelho/projects/busk-app/backend/src/models/user.ts": {"path":"/home/diogobotelho/projects/busk-app/backend/src/models/user.ts","statementMap":{"0":{"start":{"line":29,"column":19},"end":{"line":40,"column":5}},"1":{"start":{"line":42,"column":17},"end":{"line":42,"column":31}},"2":{"start":{"line":44,"column":4},"end":{"line":50,"column":5}},"3":{"start":{"line":45,"column":22},"end":{"line":45,"column":67}},"4":{"start":{"line":46,"column":6},"end":{"line":49,"column":7}},"5":{"start":{"line":47,"column":8},"end":{"line":47,"column":29}},"6":{"start":{"line":48,"column":8},"end":{"line":48,"column":20}},"7":{"start":{"line":51,"column":4},"end":{"line":51,"column":61}},"8":{"start":{"line":63,"column":6},"end":{"line":63,"column":14}},"9":{"start":{"line":64,"column":27},"end":{"line":69,"column":5}},"10":{"start":{"line":71,"column":4},"end":{"line":73,"column":5}},"11":{"start":{"line":72,"column":6},"end":{"line":72,"column":67}},"12":{"start":{"line":74,"column":27},"end":{"line":74,"column":74}},"13":{"start":{"line":76,"column":19},"end":{"line":88,"column":5}},"14":{"start":{"line":89,"column":17},"end":{"line":89,"column":31}},"15":{"start":{"line":91,"column":4},"end":{"line":91,"column":16}},"16":{"start":{"line":100,"column":19},"end":{"line":109,"column":5}},"17":{"start":{"line":110,"column":4},"end":{"line":110,"column":23}},"18":{"start":{"line":119,"column":19},"end":{"line":130,"column":5}},"19":{"start":{"line":131,"column":17},"end":{"line":131,"column":31}},"20":{"start":{"line":133,"column":4},"end":{"line":133,"column":68}},"21":{"start":{"line":133,"column":15},"end":{"line":133,"column":68}},"22":{"start":{"line":135,"column":25},"end":{"line":140,"column":5}},"23":{"start":{"line":142,"column":21},"end":{"line":142,"column":41}},"24":{"start":{"line":144,"column":4},"end":{"line":144,"column":46}},"25":{"start":{"line":144,"column":18},"end":{"line":144,"column":46}},"26":{"start":{"line":145,"column":4},"end":{"line":145,"column":19}},"27":{"start":{"line":147,"column":4},"end":{"line":147,"column":16}},"28":{"start":{"line":168,"column":4},"end":{"line":168,"column":58}},"29":{"start":{"line":168,"column":15},"end":{"line":168,"column":58}},"30":{"start":{"line":170,"column":4},"end":{"line":172,"column":5}},"31":{"start":{"line":171,"column":6},"end":{"line":171,"column":75}},"32":{"start":{"line":174,"column":32},"end":{"line":178,"column":6}},"33":{"start":{"line":179,"column":27},"end":{"line":179,"column":52}},"34":{"start":{"line":181,"column":21},"end":{"line":189,"column":44}},"35":{"start":{"line":191,"column":19},"end":{"line":191,"column":66}},"36":{"start":{"line":192,"column":17},"end":{"line":192,"column":31}},"37":{"start":{"line":193,"column":4},"end":{"line":193,"column":63}},"38":{"start":{"line":193,"column":15},"end":{"line":193,"column":63}},"39":{"start":{"line":195,"column":4},"end":{"line":195,"column":25}},"40":{"start":{"line":196,"column":4},"end":{"line":196,"column":16}},"41":{"start":{"line":202,"column":19},"end":{"line":208,"column":5}},"42":{"start":{"line":209,"column":24},"end":{"line":209,"column":38}},"43":{"start":{"line":211,"column":4},"end":{"line":211,"column":63}},"44":{"start":{"line":211,"column":22},"end":{"line":211,"column":63}},"45":{"start":{"line":213,"column":4},"end":{"line":213,"column":49}}},"fnMap":{"0":{"name":"(anonymous_0)","decl":{"start":{"line":27,"column":2},"end":{"line":27,"column":3}},"loc":{"start":{"line":27,"column":64},"end":{"line":52,"column":3}},"line":27},"1":{"name":"(anonymous_1)","decl":{"start":{"line":61,"column":2},"end":{"line":61,"column":3}},"loc":{"start":{"line":61,"column":42},"end":{"line":92,"column":3}},"line":61},"2":{"name":"(anonymous_2)","decl":{"start":{"line":99,"column":2},"end":{"line":99,"column":3}},"loc":{"start":{"line":99,"column":24},"end":{"line":111,"column":3}},"line":99},"3":{"name":"(anonymous_3)","decl":{"start":{"line":118,"column":2},"end":{"line":118,"column":3}},"loc":{"start":{"line":118,"column":37},"end":{"line":148,"column":3}},"line":118},"4":{"name":"(anonymous_4)","decl":{"start":{"line":167,"column":2},"end":{"line":167,"column":3}},"loc":{"start":{"line":167,"column":75},"end":{"line":197,"column":3}},"line":167},"5":{"name":"(anonymous_5)","decl":{"start":{"line":201,"column":2},"end":{"line":201,"column":3}},"loc":{"start":{"line":201,"column":40},"end":{"line":214,"column":3}},"line":201}},"branchMap":{"0":{"loc":{"start":{"line":44,"column":4},"end":{"line":50,"column":5}},"type":"if","locations":[{"start":{"line":44,"column":4},"end":{"line":50,"column":5}},{"start":{"line":44,"column":4},"end":{"line":50,"column":5}}],"line":44},"1":{"loc":{"start":{"line":46,"column":6},"end":{"line":49,"column":7}},"type":"if","locations":[{"start":{"line":46,"column":6},"end":{"line":49,"column":7}},{"start":{"line":46,"column":6},"end":{"line":49,"column":7}}],"line":46},"2":{"loc":{"start":{"line":71,"column":4},"end":{"line":73,"column":5}},"type":"if","locations":[{"start":{"line":71,"column":4},"end":{"line":73,"column":5}},{"start":{"line":71,"column":4},"end":{"line":73,"column":5}}],"line":71},"3":{"loc":{"start":{"line":133,"column":4},"end":{"line":133,"column":68}},"type":"if","locations":[{"start":{"line":133,"column":4},"end":{"line":133,"column":68}},{"start":{"line":133,"column":4},"end":{"line":133,"column":68}}],"line":133},"4":{"loc":{"start":{"line":144,"column":4},"end":{"line":144,"column":46}},"type":"if","locations":[{"start":{"line":144,"column":4},"end":{"line":144,"column":46}},{"start":{"line":144,"column":4},"end":{"line":144,"column":46}}],"line":144},"5":{"loc":{"start":{"line":168,"column":4},"end":{"line":168,"column":58}},"type":"if","locations":[{"start":{"line":168,"column":4},"end":{"line":168,"column":58}},{"start":{"line":168,"column":4},"end":{"line":168,"column":58}}],"line":168},"6":{"loc":{"start":{"line":170,"column":4},"end":{"line":172,"column":5}},"type":"if","locations":[{"start":{"line":170,"column":4},"end":{"line":172,"column":5}},{"start":{"line":170,"column":4},"end":{"line":172,"column":5}}],"line":170},"7":{"loc":{"start":{"line":193,"column":4},"end":{"line":193,"column":63}},"type":"if","locations":[{"start":{"line":193,"column":4},"end":{"line":193,"column":63}},{"start":{"line":193,"column":4},"end":{"line":193,"column":63}}],"line":193},"8":{"loc":{"start":{"line":211,"column":4},"end":{"line":211,"column":63}},"type":"if","locations":[{"start":{"line":211,"column":4},"end":{"line":211,"column":63}},{"start":{"line":211,"column":4},"end":{"line":211,"column":63}}],"line":211}},"s":{"0":4,"1":4,"2":4,"3":3,"4":3,"5":2,"6":2,"7":2,"8":7,"9":7,"10":7,"11":1,"12":6,"13":6,"14":6,"15":6,"16":3,"17":2,"18":7,"19":7,"20":7,"21":2,"22":5,"23":5,"24":5,"25":4,"26":5,"27":5,"28":9,"29":1,"30":8,"31":4,"32":8,"33":8,"34":8,"35":8,"36":8,"37":8,"38":2,"39":6,"40":6,"41":5,"42":5,"43":5,"44":2,"45":3},"f":{"0":4,"1":7,"2":3,"3":7,"4":9,"5":5},"b":{"0":[3,1],"1":[2,1],"2":[1,6],"3":[2,5],"4":[4,1],"5":[1,8],"6":[4,4],"7":[2,6],"8":[2,3]},"_coverageSchema":"1a1c01bbd47fc00a2c39e90264f33305004495a9","hash":"c9ce2bb4f86f66a880a242d62b6cb9d9abfbb33b"}
,"/home/diogobotelho/projects/busk-app/backend/src/routes/_testCommon.ts": {"path":"/home/diogobotelho/projects/busk-app/backend/src/routes/_testCommon.ts","statementMap":{"0":{"start":{"line":8,"column":35},"end":{"line":8,"column":37}},"1":{"start":{"line":9,"column":37},"end":{"line":9,"column":39}},"2":{"start":{"line":10,"column":36},"end":{"line":10,"column":38}},"3":{"start":{"line":13,"column":2},"end":{"line":13,"column":39}},"4":{"start":{"line":15,"column":2},"end":{"line":15,"column":40}},"5":{"start":{"line":17,"column":2},"end":{"line":17,"column":38}},"6":{"start":{"line":19,"column":2},"end":{"line":29,"column":7}},"7":{"start":{"line":30,"column":2},"end":{"line":40,"column":7}},"8":{"start":{"line":42,"column":24},"end":{"line":47,"column":3}},"9":{"start":{"line":49,"column":2},"end":{"line":49,"column":69}},"10":{"start":{"line":49,"column":62},"end":{"line":49,"column":66}},"11":{"start":{"line":51,"column":2},"end":{"line":58,"column":7}},"12":{"start":{"line":62,"column":2},"end":{"line":62,"column":26}},"13":{"start":{"line":66,"column":2},"end":{"line":66,"column":29}},"14":{"start":{"line":70,"column":2},"end":{"line":70,"column":17}},"15":{"start":{"line":73,"column":23},"end":{"line":73,"column":70}},"16":{"start":{"line":74,"column":23},"end":{"line":74,"column":70}},"17":{"start":{"line":75,"column":26},"end":{"line":75,"column":75}}},"fnMap":{"0":{"name":"commonBeforeAll","decl":{"start":{"line":12,"column":22},"end":{"line":12,"column":37}},"loc":{"start":{"line":12,"column":40},"end":{"line":59,"column":1}},"line":12},"1":{"name":"(anonymous_1)","decl":{"start":{"line":49,"column":55},"end":{"line":49,"column":56}},"loc":{"start":{"line":49,"column":62},"end":{"line":49,"column":66}},"line":49},"2":{"name":"commonBeforeEach","decl":{"start":{"line":61,"column":22},"end":{"line":61,"column":38}},"loc":{"start":{"line":61,"column":41},"end":{"line":63,"column":1}},"line":61},"3":{"name":"commonAfterEach","decl":{"start":{"line":65,"column":22},"end":{"line":65,"column":37}},"loc":{"start":{"line":65,"column":40},"end":{"line":67,"column":1}},"line":65},"4":{"name":"commonAfterAll","decl":{"start":{"line":69,"column":22},"end":{"line":69,"column":36}},"loc":{"start":{"line":69,"column":39},"end":{"line":71,"column":1}},"line":69}},"branchMap":{},"s":{"0":1,"1":1,"2":1,"3":1,"4":1,"5":1,"6":1,"7":1,"8":1,"9":1,"10":1,"11":1,"12":24,"13":24,"14":1,"15":1,"16":1,"17":1},"f":{"0":1,"1":1,"2":24,"3":24,"4":1},"b":{},"_coverageSchema":"1a1c01bbd47fc00a2c39e90264f33305004495a9","hash":"6158fa36bb4007794e75f7e5a571b8491eb23e4b"}
,"/home/diogobotelho/projects/busk-app/backend/src/routes/authRoutes.ts": {"path":"/home/diogobotelho/projects/busk-app/backend/src/routes/authRoutes.ts","statementMap":{"0":{"start":{"line":5,"column":22},"end":{"line":5,"column":38}},"1":{"start":{"line":11,"column":0},"end":{"line":32,"column":2}},"2":{"start":{"line":23,"column":4},"end":{"line":30,"column":5}},"3":{"start":{"line":24,"column":37},"end":{"line":24,"column":45}},"4":{"start":{"line":25,"column":19},"end":{"line":25,"column":62}},"5":{"start":{"line":26,"column":20},"end":{"line":26,"column":37}},"6":{"start":{"line":27,"column":6},"end":{"line":27,"column":33}},"7":{"start":{"line":29,"column":6},"end":{"line":29,"column":18}},"8":{"start":{"line":35,"column":0},"end":{"line":53,"column":2}},"9":{"start":{"line":42,"column":4},"end":{"line":51,"column":5}},"10":{"start":{"line":43,"column":36},"end":{"line":43,"column":44}},"11":{"start":{"line":45,"column":22},"end":{"line":45,"column":75}},"12":{"start":{"line":46,"column":6},"end":{"line":46,"column":29}},"13":{"start":{"line":47,"column":20},"end":{"line":47,"column":40}},"14":{"start":{"line":48,"column":6},"end":{"line":48,"column":45}},"15":{"start":{"line":50,"column":6},"end":{"line":50,"column":18}}},"fnMap":{"0":{"name":"login","decl":{"start":{"line":13,"column":17},"end":{"line":13,"column":22}},"loc":{"start":{"line":17,"column":4},"end":{"line":31,"column":3}},"line":17},"1":{"name":"(anonymous_1)","decl":{"start":{"line":37,"column":2},"end":{"line":37,"column":3}},"loc":{"start":{"line":41,"column":4},"end":{"line":52,"column":3}},"line":41}},"branchMap":{},"s":{"0":1,"1":1,"2":0,"3":0,"4":0,"5":0,"6":0,"7":0,"8":1,"9":0,"10":0,"11":0,"12":0,"13":0,"14":0,"15":0},"f":{"0":0,"1":0},"b":{},"_coverageSchema":"1a1c01bbd47fc00a2c39e90264f33305004495a9","hash":"75c71ce01be93ce9c835660a36108ca07e7a4676"}
,"/home/diogobotelho/projects/busk-app/backend/src/routes/buskerRoutes.ts": {"path":"/home/diogobotelho/projects/busk-app/backend/src/routes/buskerRoutes.ts","statementMap":{"0":{"start":{"line":4,"column":15},"end":{"line":4,"column":31}},"1":{"start":{"line":7,"column":0},"end":{"line":17,"column":2}},"2":{"start":{"line":14,"column":4},"end":{"line":14,"column":44}}},"fnMap":{"0":{"name":"(anonymous_0)","decl":{"start":{"line":9,"column":2},"end":{"line":9,"column":3}},"loc":{"start":{"line":13,"column":4},"end":{"line":16,"column":3}},"line":13}},"branchMap":{},"s":{"0":1,"1":1,"2":0},"f":{"0":0},"b":{},"_coverageSchema":"1a1c01bbd47fc00a2c39e90264f33305004495a9","hash":"83daf06b4685c73cb63d70278fd540164a3f6192"}
,"/home/diogobotelho/projects/busk-app/backend/src/routes/eventRoutes.ts": {"path":"/home/diogobotelho/projects/busk-app/backend/src/routes/eventRoutes.ts","statementMap":{"0":{"start":{"line":4,"column":15},"end":{"line":4,"column":31}},"1":{"start":{"line":7,"column":0},"end":{"line":21,"column":2}},"2":{"start":{"line":14,"column":4},"end":{"line":19,"column":5}},"3":{"start":{"line":15,"column":21},"end":{"line":15,"column":41}},"4":{"start":{"line":16,"column":6},"end":{"line":16,"column":30}},"5":{"start":{"line":18,"column":6},"end":{"line":18,"column":23}},"6":{"start":{"line":24,"column":0},"end":{"line":40,"column":2}},"7":{"start":{"line":31,"column":4},"end":{"line":38,"column":5}},"8":{"start":{"line":32,"column":21},"end":{"line":32,"column":31}},"9":{"start":{"line":34,"column":20},"end":{"line":34,"column":44}},"10":{"start":{"line":35,"column":6},"end":{"line":35,"column":33}},"11":{"start":{"line":37,"column":6},"end":{"line":37,"column":23}},"12":{"start":{"line":44,"column":0},"end":{"line":61,"column":2}},"13":{"start":{"line":51,"column":4},"end":{"line":59,"column":5}},"14":{"start":{"line":52,"column":27},"end":{"line":52,"column":35}},"15":{"start":{"line":53,"column":20},"end":{"line":53,"column":52}},"16":{"start":{"line":55,"column":6},"end":{"line":55,"column":45}},"17":{"start":{"line":58,"column":6},"end":{"line":58,"column":23}},"18":{"start":{"line":65,"column":0},"end":{"line":83,"column":2}},"19":{"start":{"line":72,"column":4},"end":{"line":81,"column":5}},"20":{"start":{"line":73,"column":21},"end":{"line":73,"column":31}},"21":{"start":{"line":75,"column":20},"end":{"line":75,"column":53}},"22":{"start":{"line":77,"column":6},"end":{"line":77,"column":41}},"23":{"start":{"line":77,"column":18},"end":{"line":77,"column":41}},"24":{"start":{"line":78,"column":6},"end":{"line":78,"column":45}},"25":{"start":{"line":80,"column":6},"end":{"line":80,"column":23}},"26":{"start":{"line":87,"column":0},"end":{"line":103,"column":2}},"27":{"start":{"line":94,"column":4},"end":{"line":101,"column":5}},"28":{"start":{"line":95,"column":21},"end":{"line":95,"column":31}},"29":{"start":{"line":97,"column":6},"end":{"line":97,"column":30}},"30":{"start":{"line":98,"column":6},"end":{"line":98,"column":52}},"31":{"start":{"line":100,"column":6},"end":{"line":100,"column":23}}},"fnMap":{"0":{"name":"(anonymous_0)","decl":{"start":{"line":9,"column":2},"end":{"line":9,"column":3}},"loc":{"start":{"line":13,"column":4},"end":{"line":20,"column":3}},"line":13},"1":{"name":"(anonymous_1)","decl":{"start":{"line":26,"column":2},"end":{"line":26,"column":3}},"loc":{"start":{"line":30,"column":4},"end":{"line":39,"column":3}},"line":30},"2":{"name":"(anonymous_2)","decl":{"start":{"line":46,"column":2},"end":{"line":46,"column":3}},"loc":{"start":{"line":50,"column":4},"end":{"line":60,"column":3}},"line":50},"3":{"name":"(anonymous_3)","decl":{"start":{"line":67,"column":2},"end":{"line":67,"column":3}},"loc":{"start":{"line":71,"column":4},"end":{"line":82,"column":3}},"line":71},"4":{"name":"(anonymous_4)","decl":{"start":{"line":89,"column":2},"end":{"line":89,"column":3}},"loc":{"start":{"line":93,"column":4},"end":{"line":102,"column":3}},"line":93}},"branchMap":{"0":{"loc":{"start":{"line":77,"column":6},"end":{"line":77,"column":41}},"type":"if","locations":[{"start":{"line":77,"column":6},"end":{"line":77,"column":41}},{"start":{"line":77,"column":6},"end":{"line":77,"column":41}}],"line":77}},"s":{"0":1,"1":1,"2":0,"3":0,"4":0,"5":0,"6":1,"7":0,"8":0,"9":0,"10":0,"11":0,"12":1,"13":0,"14":0,"15":0,"16":0,"17":0,"18":1,"19":0,"20":0,"21":0,"22":0,"23":0,"24":0,"25":0,"26":1,"27":0,"28":0,"29":0,"30":0,"31":0},"f":{"0":0,"1":0,"2":0,"3":0,"4":0},"b":{"0":[0,0]},"_coverageSchema":"1a1c01bbd47fc00a2c39e90264f33305004495a9","hash":"22db69772e87c7c8bd927686bb92ef5d4d6e85b2"}
,"/home/diogobotelho/projects/busk-app/backend/src/routes/userRoutes.ts": {"path":"/home/diogobotelho/projects/busk-app/backend/src/routes/userRoutes.ts","statementMap":{"0":{"start":{"line":15,"column":15},"end":{"line":15,"column":31}},"1":{"start":{"line":29,"column":0},"end":{"line":44,"column":3}},"2":{"start":{"line":30,"column":2},"end":{"line":43,"column":3}},"3":{"start":{"line":36,"column":34},"end":{"line":36,"column":42}},"4":{"start":{"line":38,"column":17},"end":{"line":38,"column":47}},"5":{"start":{"line":39,"column":18},"end":{"line":39,"column":35}},"6":{"start":{"line":40,"column":4},"end":{"line":40,"column":49}},"7":{"start":{"line":42,"column":4},"end":{"line":42,"column":21}},"8":{"start":{"line":53,"column":0},"end":{"line":68,"column":2}},"9":{"start":{"line":61,"column":4},"end":{"line":66,"column":5}},"10":{"start":{"line":62,"column":20},"end":{"line":62,"column":39}},"11":{"start":{"line":63,"column":6},"end":{"line":63,"column":29}},"12":{"start":{"line":65,"column":6},"end":{"line":65,"column":23}},"13":{"start":{"line":76,"column":0},"end":{"line":92,"column":2}},"14":{"start":{"line":84,"column":4},"end":{"line":90,"column":5}},"15":{"start":{"line":85,"column":27},"end":{"line":85,"column":37}},"16":{"start":{"line":86,"column":19},"end":{"line":86,"column":43}},"17":{"start":{"line":87,"column":6},"end":{"line":87,"column":28}},"18":{"start":{"line":89,"column":6},"end":{"line":89,"column":23}},"19":{"start":{"line":104,"column":0},"end":{"line":127,"column":2}},"20":{"start":{"line":112,"column":4},"end":{"line":125,"column":5}},"21":{"start":{"line":118,"column":27},"end":{"line":118,"column":37}},"22":{"start":{"line":120,"column":19},"end":{"line":120,"column":56}},"23":{"start":{"line":122,"column":6},"end":{"line":122,"column":32}},"24":{"start":{"line":124,"column":6},"end":{"line":124,"column":23}},"25":{"start":{"line":133,"column":0},"end":{"line":149,"column":2}},"26":{"start":{"line":141,"column":4},"end":{"line":147,"column":5}},"27":{"start":{"line":142,"column":27},"end":{"line":142,"column":37}},"28":{"start":{"line":143,"column":6},"end":{"line":143,"column":34}},"29":{"start":{"line":144,"column":6},"end":{"line":144,"column":45}},"30":{"start":{"line":146,"column":6},"end":{"line":146,"column":23}}},"fnMap":{"0":{"name":"(anonymous_0)","decl":{"start":{"line":29,"column":30},"end":{"line":29,"column":31}},"loc":{"start":{"line":29,"column":62},"end":{"line":44,"column":1}},"line":29},"1":{"name":"(anonymous_1)","decl":{"start":{"line":56,"column":2},"end":{"line":56,"column":3}},"loc":{"start":{"line":60,"column":4},"end":{"line":67,"column":3}},"line":60},"2":{"name":"(anonymous_2)","decl":{"start":{"line":79,"column":2},"end":{"line":79,"column":3}},"loc":{"start":{"line":83,"column":4},"end":{"line":91,"column":3}},"line":83},"3":{"name":"(anonymous_3)","decl":{"start":{"line":107,"column":2},"end":{"line":107,"column":3}},"loc":{"start":{"line":111,"column":4},"end":{"line":126,"column":3}},"line":111},"4":{"name":"(anonymous_4)","decl":{"start":{"line":136,"column":2},"end":{"line":136,"column":3}},"loc":{"start":{"line":140,"column":4},"end":{"line":148,"column":3}},"line":140}},"branchMap":{},"s":{"0":1,"1":1,"2":2,"3":2,"4":2,"5":2,"6":2,"7":0,"8":1,"9":2,"10":2,"11":1,"12":1,"13":1,"14":3,"15":3,"16":3,"17":2,"18":1,"19":1,"20":4,"21":4,"22":4,"23":3,"24":1,"25":1,"26":3,"27":3,"28":3,"29":2,"30":1},"f":{"0":2,"1":2,"2":3,"3":4,"4":3},"b":{},"_coverageSchema":"1a1c01bbd47fc00a2c39e90264f33305004495a9","hash":"ce185bfa4dff44d0f8424658ef64c061da9f9475"}
}
