TN:
SF:src/app.ts
FN:32,(anonymous_0)
FN:37,(anonymous_1)
FNF:2
FNH:0
FNDA:0,(anonymous_0)
FNDA:0,(anonymous_1)
DA:16,1
DA:18,1
DA:21,1
DA:22,1
DA:23,1
DA:26,1
DA:27,1
DA:28,1
DA:29,1
DA:32,1
DA:33,0
DA:37,1
DA:43,0
DA:44,0
DA:45,0
DA:46,0
LF:16
LH:11
BRDA:43,0,0,0
BRDA:43,0,1,0
BRDA:45,1,0,0
BRDA:45,1,1,0
BRF:4
BRH:0
end_of_record
TN:
SF:src/config.ts
FNF:0
FNH:0
DA:1,3
DA:4,3
DA:11,3
DA:13,3
LF:4
LH:4
BRDA:1,0,0,3
BRDA:1,0,1,3
BRDA:4,1,0,3
BRDA:4,1,1,0
BRDA:6,2,0,0
BRDA:6,2,1,0
BRDA:13,3,0,3
BRDA:13,3,1,0
BRF:8
BRH:4
end_of_record
TN:
SF:src/db.ts
FNF:0
FNH:0
DA:5,3
DA:9,3
LF:2
LH:2
BRF:0
BRH:0
end_of_record
TN:
SF:src/expressError.ts
FN:11,(anonymous_0)
FN:21,(anonymous_1)
FN:29,(anonymous_2)
FN:37,(anonymous_3)
FN:45,(anonymous_4)
FNF:5
FNH:4
FNDA:14,(anonymous_0)
FNDA:6,(anonymous_1)
FNDA:2,(anonymous_2)
FNDA:6,(anonymous_3)
FNDA:0,(anonymous_4)
DA:12,14
DA:13,14
DA:14,14
DA:22,6
DA:30,2
DA:38,6
DA:46,0
LF:7
LH:6
BRDA:21,0,0,0
BRDA:29,1,0,0
BRDA:37,2,0,0
BRDA:45,3,0,0
BRF:4
BRH:0
end_of_record
TN:
SF:src/helpers/sql.ts
FN:37,sqlForPartialUpdate
FN:46,(anonymous_1)
FNF:2
FNH:2
FNDA:11,sqlForPartialUpdate
FNDA:26,(anonymous_1)
DA:41,11
DA:42,11
DA:45,11
DA:46,26
DA:49,11
LF:5
LH:5
BRDA:42,0,0,0
BRDA:42,0,1,11
BRDA:46,1,0,26
BRDA:46,1,1,15
BRF:4
BRH:3
end_of_record
TN:
SF:src/helpers/tokens.ts
FN:6,createToken
FNF:1
FNH:0
FNDA:0,createToken
DA:7,0
DA:12,0
DA:16,0
LF:3
LH:0
BRF:0
BRH:0
end_of_record
TN:
SF:src/middleware/auth.ts
FN:15,authenticateJWT
FN:37,ensureLoggedIn
FN:58,ensureAdmin
FN:79,ensureCorrectUserOrAdmin
FNF:4
FNH:0
FNDA:0,authenticateJWT
FNDA:0,ensureLoggedIn
FNDA:0,ensureAdmin
FNDA:0,ensureCorrectUserOrAdmin
DA:20,0
DA:21,0
DA:22,0
DA:23,0
DA:24,0
DA:26,0
DA:28,0
DA:42,0
DA:43,0
DA:45,0
DA:47,0
DA:49,0
DA:63,0
DA:64,0
DA:65,0
DA:67,0
DA:69,0
DA:84,0
DA:85,0
DA:86,0
DA:87,0
DA:89,0
DA:91,0
LF:23
LH:0
BRDA:21,0,0,0
BRDA:21,0,1,0
BRDA:22,1,0,0
BRDA:22,1,1,0
BRDA:43,2,0,0
BRDA:43,2,1,0
BRDA:64,3,0,0
BRDA:64,3,1,0
BRDA:64,4,0,0
BRDA:64,4,1,0
BRDA:86,5,0,0
BRDA:86,5,1,0
BRDA:86,6,0,0
BRDA:86,6,1,0
BRDA:86,6,2,0
BRF:15
BRH:0
end_of_record
TN:
SF:src/models/_testCommon.ts
FN:10,commonBeforeAll
FN:28,(anonymous_1)
FN:36,(anonymous_2)
FN:45,(anonymous_3)
FN:48,commonBeforeEach
FN:52,commonAfterEach
FN:56,commonAfterAll
FNF:7
FNH:7
FNDA:2,commonBeforeAll
FNDA:4,(anonymous_1)
FNDA:2,(anonymous_2)
FNDA:2,(anonymous_3)
FNDA:29,commonBeforeEach
FNDA:29,commonAfterEach
FNDA:2,commonAfterAll
DA:4,2
DA:6,2
DA:7,2
DA:8,2
DA:11,2
DA:13,2
DA:15,2
DA:17,2
DA:28,4
DA:30,2
DA:36,2
DA:38,2
DA:45,2
DA:49,29
DA:53,29
DA:57,2
LF:16
LH:16
BRF:0
BRH:0
end_of_record
TN:
SF:src/models/event.ts
FN:26,(anonymous_0)
FN:37,(anonymous_1)
FN:52,(anonymous_2)
FN:75,(anonymous_3)
FN:98,(anonymous_4)
FNF:5
FNH:5
FNDA:2,(anonymous_0)
FNDA:4,(anonymous_1)
FNDA:5,(anonymous_2)
FNDA:4,(anonymous_3)
FNDA:2,(anonymous_4)
DA:27,2
DA:32,2
DA:38,4
DA:45,4
DA:47,4
DA:48,3
DA:53,5
DA:54,2
DA:57,3
DA:59,3
DA:61,2
DA:63,2
DA:70,2
DA:71,2
DA:76,4
DA:78,3
DA:82,3
DA:84,3
DA:89,3
DA:90,3
DA:92,3
DA:94,2
DA:99,2
DA:107,2
DA:109,2
LF:25
LH:25
BRDA:47,0,0,1
BRDA:47,0,1,3
BRDA:53,1,0,2
BRDA:53,1,1,3
BRDA:59,2,0,1
BRDA:59,2,1,2
BRDA:76,3,0,1
BRDA:76,3,1,3
BRDA:92,4,0,1
BRDA:92,4,1,2
BRDA:109,5,0,1
BRDA:109,5,1,1
BRF:12
BRH:12
end_of_record
TN:
SF:src/models/user.ts
FN:27,(anonymous_0)
FN:61,(anonymous_1)
FN:100,(anonymous_2)
FN:119,(anonymous_3)
FN:168,(anonymous_4)
FN:204,(anonymous_5)
FNF:6
FNH:6
FNDA:3,(anonymous_0)
FNDA:3,(anonymous_1)
FNDA:1,(anonymous_2)
FNDA:4,(anonymous_3)
FNDA:5,(anonymous_4)
FNDA:2,(anonymous_5)
DA:29,3
DA:42,3
DA:44,3
DA:45,2
DA:46,2
DA:47,1
DA:48,1
DA:51,2
DA:63,3
DA:64,3
DA:71,3
DA:72,1
DA:75,2
DA:76,2
DA:90,2
DA:92,2
DA:101,1
DA:111,1
DA:120,4
DA:132,4
DA:134,4
DA:136,3
DA:143,3
DA:145,3
DA:146,3
DA:148,3
DA:169,5
DA:171,4
DA:172,3
DA:175,4
DA:181,4
DA:183,4
DA:193,4
DA:194,4
DA:195,4
DA:197,3
DA:198,3
DA:205,2
DA:213,2
DA:215,2
DA:217,1
LF:41
LH:41
BRDA:44,0,0,2
BRDA:44,0,1,1
BRDA:46,1,0,1
BRDA:46,1,1,1
BRDA:71,2,0,1
BRDA:71,2,1,2
BRDA:134,3,0,1
BRDA:134,3,1,3
BRDA:145,4,0,2
BRDA:145,4,1,1
BRDA:169,5,0,1
BRDA:169,5,1,4
BRDA:171,6,0,3
BRDA:171,6,1,1
BRDA:195,7,0,1
BRDA:195,7,1,3
BRDA:215,8,0,1
BRDA:215,8,1,1
BRF:18
BRH:18
end_of_record
TN:
SF:src/routes/authRoutes.ts
FN:13,login
FN:37,(anonymous_1)
FNF:2
FNH:0
FNDA:0,login
FNDA:0,(anonymous_1)
DA:5,1
DA:11,1
DA:23,0
DA:24,0
DA:25,0
DA:26,0
DA:27,0
DA:29,0
DA:35,1
DA:42,0
DA:43,0
DA:45,0
DA:46,0
DA:47,0
DA:48,0
DA:50,0
LF:16
LH:3
BRF:0
BRH:0
end_of_record
TN:
SF:src/routes/buskerRoutes.ts
FN:9,(anonymous_0)
FNF:1
FNH:0
FNDA:0,(anonymous_0)
DA:4,1
DA:7,1
DA:14,0
LF:3
LH:2
BRF:0
BRH:0
end_of_record
TN:
SF:src/routes/eventRoutes.ts
FN:9,(anonymous_0)
FN:26,(anonymous_1)
FN:46,(anonymous_2)
FN:67,(anonymous_3)
FN:89,(anonymous_4)
FNF:5
FNH:0
FNDA:0,(anonymous_0)
FNDA:0,(anonymous_1)
FNDA:0,(anonymous_2)
FNDA:0,(anonymous_3)
FNDA:0,(anonymous_4)
DA:4,1
DA:7,1
DA:14,0
DA:15,0
DA:16,0
DA:18,0
DA:24,1
DA:31,0
DA:32,0
DA:34,0
DA:35,0
DA:37,0
DA:44,1
DA:51,0
DA:52,0
DA:53,0
DA:55,0
DA:58,0
DA:65,1
DA:72,0
DA:73,0
DA:75,0
DA:77,0
DA:78,0
DA:80,0
DA:87,1
DA:94,0
DA:95,0
DA:97,0
DA:98,0
DA:100,0
LF:31
LH:6
BRDA:77,0,0,0
BRDA:77,0,1,0
BRF:2
BRH:0
end_of_record
TN:
SF:src/routes/userRoutes.ts
FN:29,(anonymous_0)
FN:57,(anonymous_1)
FN:80,(anonymous_2)
FN:108,(anonymous_3)
FN:137,(anonymous_4)
FNF:5
FNH:0
FNDA:0,(anonymous_0)
FNDA:0,(anonymous_1)
FNDA:0,(anonymous_2)
FNDA:0,(anonymous_3)
FNDA:0,(anonymous_4)
DA:15,1
DA:29,1
DA:30,0
DA:37,0
DA:39,0
DA:40,0
DA:41,0
DA:43,0
DA:54,1
DA:62,0
DA:63,0
DA:64,0
DA:66,0
DA:77,1
DA:85,0
DA:86,0
DA:87,0
DA:88,0
DA:90,0
DA:105,1
DA:113,0
DA:119,0
DA:121,0
DA:123,0
DA:125,0
DA:134,1
DA:142,0
DA:144,0
DA:145,0
LF:29
LH:6
BRF:0
BRH:0
end_of_record
