TN:
SF:src/app.ts
FN:32,(anonymous_0)
FN:37,(anonymous_1)
FNF:2
FNH:1
FNDA:0,(anonymous_0)
FNDA:14,(anonymous_1)
DA:16,1
DA:18,1
DA:21,1
DA:22,1
DA:23,1
DA:26,1
DA:27,1
DA:28,1
DA:29,1
DA:32,1
DA:33,0
DA:37,1
DA:43,14
DA:44,14
DA:45,14
DA:46,14
LF:16
LH:15
BRDA:43,0,0,14
BRDA:43,0,1,1
BRDA:45,1,0,0
BRDA:45,1,1,14
BRF:4
BRH:3
end_of_record
TN:
SF:src/config.ts
FNF:0
FNH:0
DA:1,3
DA:4,3
DA:11,3
DA:13,3
LF:4
LH:4
BRDA:1,0,0,3
BRDA:1,0,1,3
BRDA:4,1,0,3
BRDA:4,1,1,0
BRDA:6,2,0,0
BRDA:6,2,1,0
BRDA:13,3,0,3
BRDA:13,3,1,0
BRF:8
BRH:4
end_of_record
TN:
SF:src/db.ts
FNF:0
FNH:0
DA:5,3
DA:9,3
LF:2
LH:2
BRF:0
BRH:0
end_of_record
TN:
SF:src/expressError.ts
FN:11,(anonymous_0)
FN:21,(anonymous_1)
FN:29,(anonymous_2)
FN:37,(anonymous_3)
FN:45,(anonymous_4)
FNF:5
FNH:4
FNDA:27,(anonymous_0)
FNDA:9,(anonymous_1)
FNDA:12,(anonymous_2)
FNDA:6,(anonymous_3)
FNDA:0,(anonymous_4)
DA:12,27
DA:13,27
DA:14,27
DA:22,9
DA:30,12
DA:38,6
DA:46,0
LF:7
LH:6
BRDA:21,0,0,0
BRDA:29,1,0,10
BRDA:37,2,0,0
BRDA:45,3,0,0
BRF:4
BRH:1
end_of_record
TN:
SF:src/helpers/sql.ts
FN:37,sqlForPartialUpdate
FN:46,(anonymous_1)
FNF:2
FNH:2
FNDA:15,sqlForPartialUpdate
FNDA:30,(anonymous_1)
DA:41,15
DA:42,15
DA:45,15
DA:46,30
DA:49,15
LF:5
LH:5
BRDA:42,0,0,0
BRDA:42,0,1,15
BRDA:46,1,0,30
BRDA:46,1,1,16
BRF:4
BRH:3
end_of_record
TN:
SF:src/helpers/tokens.ts
FN:6,createToken
FNF:1
FNH:1
FNDA:5,createToken
DA:7,5
DA:12,5
DA:17,5
LF:3
LH:3
BRDA:14,0,0,5
BRDA:14,0,1,3
BRF:2
BRH:2
end_of_record
TN:
SF:src/middleware/auth.ts
FN:15,authenticateJWT
FN:37,ensureLoggedIn
FN:58,ensureAdmin
FN:79,ensureCorrectUserOrAdmin
FNF:4
FNH:3
FNDA:24,authenticateJWT
FNDA:0,ensureLoggedIn
FNDA:8,ensureAdmin
FNDA:16,ensureCorrectUserOrAdmin
DA:20,24
DA:21,24
DA:22,24
DA:23,19
DA:24,19
DA:26,24
DA:28,0
DA:42,0
DA:43,0
DA:45,0
DA:47,0
DA:49,0
DA:63,8
DA:64,8
DA:65,4
DA:67,4
DA:69,4
DA:84,16
DA:85,16
DA:86,16
DA:87,6
DA:89,10
DA:91,6
LF:23
LH:17
BRDA:21,0,0,24
BRDA:21,0,1,24
BRDA:22,1,0,19
BRDA:22,1,1,5
BRDA:43,2,0,0
BRDA:43,2,1,0
BRDA:64,3,0,4
BRDA:64,3,1,4
BRDA:64,4,0,8
BRDA:64,4,1,6
BRDA:86,5,0,6
BRDA:86,5,1,10
BRDA:86,6,0,16
BRDA:86,6,1,13
BRDA:86,6,2,6
BRF:15
BRH:13
end_of_record
TN:
SF:src/models/_testCommon.ts
FN:10,commonBeforeAll
FN:28,(anonymous_1)
FN:36,(anonymous_2)
FN:45,(anonymous_3)
FN:48,commonBeforeEach
FN:52,commonAfterEach
FN:56,commonAfterAll
FNF:7
FNH:7
FNDA:2,commonBeforeAll
FNDA:4,(anonymous_1)
FNDA:2,(anonymous_2)
FNDA:2,(anonymous_3)
FNDA:29,commonBeforeEach
FNDA:29,commonAfterEach
FNDA:2,commonAfterAll
DA:4,2
DA:6,2
DA:7,2
DA:8,2
DA:11,2
DA:13,2
DA:15,2
DA:17,2
DA:28,4
DA:30,2
DA:36,2
DA:38,2
DA:45,2
DA:49,29
DA:53,29
DA:57,2
LF:16
LH:16
BRF:0
BRH:0
end_of_record
TN:
SF:src/models/event.ts
FN:26,(anonymous_0)
FN:37,(anonymous_1)
FN:52,(anonymous_2)
FN:75,(anonymous_3)
FN:98,(anonymous_4)
FNF:5
FNH:5
FNDA:2,(anonymous_0)
FNDA:4,(anonymous_1)
FNDA:6,(anonymous_2)
FNDA:4,(anonymous_3)
FNDA:2,(anonymous_4)
DA:27,2
DA:32,2
DA:38,4
DA:45,4
DA:47,4
DA:48,3
DA:53,6
DA:54,2
DA:57,4
DA:59,4
DA:61,3
DA:63,3
DA:70,3
DA:71,3
DA:76,4
DA:78,3
DA:82,3
DA:84,3
DA:89,3
DA:90,3
DA:92,3
DA:94,2
DA:99,2
DA:107,2
DA:109,2
LF:25
LH:25
BRDA:47,0,0,1
BRDA:47,0,1,3
BRDA:53,1,0,2
BRDA:53,1,1,4
BRDA:59,2,0,1
BRDA:59,2,1,3
BRDA:76,3,0,1
BRDA:76,3,1,3
BRDA:92,4,0,1
BRDA:92,4,1,2
BRDA:109,5,0,1
BRDA:109,5,1,1
BRF:12
BRH:12
end_of_record
TN:
SF:src/models/user.ts
FN:27,(anonymous_0)
FN:61,(anonymous_1)
FN:99,(anonymous_2)
FN:118,(anonymous_3)
FN:167,(anonymous_4)
FN:201,(anonymous_5)
FNF:6
FNH:6
FNDA:4,(anonymous_0)
FNDA:7,(anonymous_1)
FNDA:3,(anonymous_2)
FNDA:7,(anonymous_3)
FNDA:9,(anonymous_4)
FNDA:5,(anonymous_5)
DA:29,4
DA:42,4
DA:44,4
DA:45,3
DA:46,3
DA:47,2
DA:48,2
DA:51,2
DA:63,7
DA:64,7
DA:71,7
DA:72,1
DA:74,6
DA:76,6
DA:89,6
DA:91,6
DA:100,3
DA:110,2
DA:119,7
DA:131,7
DA:133,7
DA:135,5
DA:142,5
DA:144,5
DA:145,5
DA:147,5
DA:168,9
DA:170,8
DA:171,4
DA:174,8
DA:179,8
DA:181,8
DA:191,8
DA:192,8
DA:193,8
DA:195,6
DA:196,6
DA:202,5
DA:209,5
DA:211,5
DA:213,3
LF:41
LH:41
BRDA:44,0,0,3
BRDA:44,0,1,1
BRDA:46,1,0,2
BRDA:46,1,1,1
BRDA:71,2,0,1
BRDA:71,2,1,6
BRDA:133,3,0,2
BRDA:133,3,1,5
BRDA:144,4,0,4
BRDA:144,4,1,1
BRDA:168,5,0,1
BRDA:168,5,1,8
BRDA:170,6,0,4
BRDA:170,6,1,4
BRDA:193,7,0,2
BRDA:193,7,1,6
BRDA:211,8,0,2
BRDA:211,8,1,3
BRF:18
BRH:18
end_of_record
TN:
SF:src/routes/_testCommon.ts
FN:12,commonBeforeAll
FN:49,(anonymous_1)
FN:61,commonBeforeEach
FN:65,commonAfterEach
FN:69,commonAfterAll
FNF:5
FNH:5
FNDA:1,commonBeforeAll
FNDA:1,(anonymous_1)
FNDA:24,commonBeforeEach
FNDA:24,commonAfterEach
FNDA:1,commonAfterAll
DA:8,1
DA:9,1
DA:10,1
DA:13,1
DA:15,1
DA:17,1
DA:19,1
DA:30,1
DA:42,1
DA:49,1
DA:51,1
DA:62,24
DA:66,24
DA:70,1
DA:73,1
DA:74,1
DA:75,1
LF:17
LH:17
BRF:0
BRH:0
end_of_record
TN:
SF:src/routes/authRoutes.ts
FN:13,login
FN:37,(anonymous_1)
FNF:2
FNH:0
FNDA:0,login
FNDA:0,(anonymous_1)
DA:5,1
DA:11,1
DA:23,0
DA:24,0
DA:25,0
DA:26,0
DA:27,0
DA:29,0
DA:35,1
DA:42,0
DA:43,0
DA:45,0
DA:46,0
DA:47,0
DA:48,0
DA:50,0
LF:16
LH:3
BRF:0
BRH:0
end_of_record
TN:
SF:src/routes/buskerRoutes.ts
FN:9,(anonymous_0)
FNF:1
FNH:0
FNDA:0,(anonymous_0)
DA:4,1
DA:7,1
DA:14,0
LF:3
LH:2
BRF:0
BRH:0
end_of_record
TN:
SF:src/routes/eventRoutes.ts
FN:9,(anonymous_0)
FN:26,(anonymous_1)
FN:46,(anonymous_2)
FN:67,(anonymous_3)
FN:89,(anonymous_4)
FNF:5
FNH:0
FNDA:0,(anonymous_0)
FNDA:0,(anonymous_1)
FNDA:0,(anonymous_2)
FNDA:0,(anonymous_3)
FNDA:0,(anonymous_4)
DA:4,1
DA:7,1
DA:14,0
DA:15,0
DA:16,0
DA:18,0
DA:24,1
DA:31,0
DA:32,0
DA:34,0
DA:35,0
DA:37,0
DA:44,1
DA:51,0
DA:52,0
DA:53,0
DA:55,0
DA:58,0
DA:65,1
DA:72,0
DA:73,0
DA:75,0
DA:77,0
DA:78,0
DA:80,0
DA:87,1
DA:94,0
DA:95,0
DA:97,0
DA:98,0
DA:100,0
LF:31
LH:6
BRDA:77,0,0,0
BRDA:77,0,1,0
BRF:2
BRH:0
end_of_record
TN:
SF:src/routes/userRoutes.ts
FN:29,(anonymous_0)
FN:56,(anonymous_1)
FN:79,(anonymous_2)
FN:107,(anonymous_3)
FN:136,(anonymous_4)
FNF:5
FNH:5
FNDA:2,(anonymous_0)
FNDA:2,(anonymous_1)
FNDA:3,(anonymous_2)
FNDA:4,(anonymous_3)
FNDA:3,(anonymous_4)
DA:15,1
DA:29,1
DA:30,2
DA:36,2
DA:38,2
DA:39,2
DA:40,2
DA:42,0
DA:53,1
DA:61,2
DA:62,2
DA:63,1
DA:65,1
DA:76,1
DA:84,3
DA:85,3
DA:86,3
DA:87,2
DA:89,1
DA:104,1
DA:112,4
DA:118,4
DA:120,4
DA:122,3
DA:124,1
DA:133,1
DA:141,3
DA:142,3
DA:143,3
DA:144,2
DA:146,1
LF:31
LH:30
BRF:0
BRH:0
end_of_record
